<?xml version="1.0"?><coverage lines-covered="3872" lines-valid="4551" line-rate="0.8508020215337289" branches-covered="0" branches-valid="0" branch-rate="0" complexity="0" version="1.9" timestamp="1771951841"><sources><source>/home/victor/ML/machinelearne-rs</source></sources><packages><package name="lib/src/backend" line-rate="0.8828451882845189" branch-rate="0" complexity="0"><classes><class name="cpu" filename="lib/src/backend/cpu.rs" line-rate="0.8792569659442725" branch-rate="0" complexity="0"><methods/><lines><line number="99" hits="6"/><line number="100" hits="13"/><line number="101" hits="6"/><line number="124" hits="1"/><line number="125" hits="1"/><line number="126" hits="1"/><line number="128" hits="1"/><line number="129" hits="2"/><line number="130" hits="3"/><line number="134" hits="3"/><line number="135" hits="1"/><line number="148" hits="0"/><line number="163" hits="2"/><line number="164" hits="2"/><line number="180" hits="1"/><line number="181" hits="1"/><line number="195" hits="1"/><line number="196" hits="3"/><line number="208" hits="1"/><line number="209" hits="3"/><line number="218" hits="1"/><line number="219" hits="3"/><line number="226" hits="1"/><line number="227" hits="3"/><line number="234" hits="1"/><line number="235" hits="3"/><line number="242" hits="1"/><line number="243" hits="4"/><line number="247" hits="1"/><line number="248" hits="3"/><line number="252" hits="1"/><line number="253" hits="3"/><line number="257" hits="2"/><line number="258" hits="6"/><line number="262" hits="2"/><line number="263" hits="6"/><line number="269" hits="1"/><line number="270" hits="3"/><line number="274" hits="1"/><line number="275" hits="3"/><line number="279" hits="2"/><line number="280" hits="6"/><line number="284" hits="2"/><line number="285" hits="6"/><line number="292" hits="1"/><line number="294" hits="3"/><line number="295" hits="1"/><line number="296" hits="1"/><line number="309" hits="1"/><line number="310" hits="1"/><line number="311" hits="1"/><line number="318" hits="3"/><line number="319" hits="1"/><line number="320" hits="1"/><line number="328" hits="3"/><line number="330" hits="9"/><line number="331" hits="3"/><line number="332" hits="3"/><line number="340" hits="0"/><line number="342" hits="0"/><line number="343" hits="0"/><line number="344" hits="0"/><line number="355" hits="1"/><line number="356" hits="2"/><line number="357" hits="0"/><line number="359" hits="1"/><line number="381" hits="1"/><line number="382" hits="1"/><line number="383" hits="1"/><line number="390" hits="1"/><line number="394" hits="1"/><line number="395" hits="1"/><line number="399" hits="1"/><line number="400" hits="1"/><line number="408" hits="3"/><line number="418" hits="2"/><line number="419" hits="1"/><line number="423" hits="1"/><line number="424" hits="1"/><line number="428" hits="1"/><line number="429" hits="1"/><line number="435" hits="1"/><line number="436" hits="3"/><line number="445" hits="1"/><line number="446" hits="1"/><line number="447" hits="3"/><line number="448" hits="2"/><line number="449" hits="1"/><line number="450" hits="2"/><line number="451" hits="1"/><line number="453" hits="1"/><line number="463" hits="1"/><line number="464" hits="1"/><line number="465" hits="1"/><line number="466" hits="3"/><line number="471" hits="1"/><line number="472" hits="3"/><line number="499" hits="1"/><line number="500" hits="3"/><line number="509" hits="1"/><line number="510" hits="1"/><line number="511" hits="3"/><line number="512" hits="2"/><line number="513" hits="1"/><line number="515" hits="1"/><line number="516" hits="1"/><line number="525" hits="1"/><line number="526" hits="4"/><line number="532" hits="1"/><line number="533" hits="5"/><line number="539" hits="1"/><line number="540" hits="3"/><line number="544" hits="1"/><line number="546" hits="1"/><line number="547" hits="3"/><line number="548" hits="2"/><line number="549" hits="1"/><line number="550" hits="2"/><line number="551" hits="1"/><line number="553" hits="1"/><line number="556" hits="1"/><line number="557" hits="1"/><line number="558" hits="1"/><line number="566" hits="1"/><line number="567" hits="1"/><line number="571" hits="1"/><line number="572" hits="1"/><line number="579" hits="3"/><line number="580" hits="4"/><line number="584" hits="1"/><line number="585" hits="1"/><line number="589" hits="1"/><line number="590" hits="1"/><line number="594" hits="1"/><line number="595" hits="1"/><line number="613" hits="1"/><line number="614" hits="3"/><line number="621" hits="1"/><line number="635" hits="1"/><line number="636" hits="1"/><line number="637" hits="1"/><line number="638" hits="2"/><line number="639" hits="1"/><line number="640" hits="3"/><line number="641" hits="2"/><line number="643" hits="1"/><line number="645" hits="1"/><line number="657" hits="2"/><line number="658" hits="5"/><line number="665" hits="2"/><line number="676" hits="2"/><line number="677" hits="2"/><line number="687" hits="2"/><line number="688" hits="2"/><line number="689" hits="2"/><line number="690" hits="4"/><line number="691" hits="4"/><line number="692" hits="2"/><line number="695" hits="2"/><line number="701" hits="2"/><line number="702" hits="2"/><line number="703" hits="2"/><line number="704" hits="2"/><line number="710" hits="2"/><line number="711" hits="4"/><line number="712" hits="7"/><line number="713" hits="2"/><line number="714" hits="4"/><line number="715" hits="4"/><line number="717" hits="2"/><line number="720" hits="2"/><line number="724" hits="2"/><line number="725" hits="2"/><line number="729" hits="1"/><line number="730" hits="1"/><line number="735" hits="2"/><line number="736" hits="1"/><line number="737" hits="3"/><line number="738" hits="0"/><line number="740" hits="1"/><line number="742" hits="2"/><line number="743" hits="4"/><line number="744" hits="1"/><line number="745" hits="4"/><line number="746" hits="2"/><line number="748" hits="2"/><line number="750" hits="2"/><line number="753" hits="2"/><line number="754" hits="1"/><line number="755" hits="3"/><line number="756" hits="0"/><line number="758" hits="2"/><line number="760" hits="1"/><line number="761" hits="2"/><line number="763" hits="4"/><line number="764" hits="2"/><line number="765" hits="4"/><line number="766" hits="3"/><line number="767" hits="1"/><line number="769" hits="1"/><line number="770" hits="2"/><line number="772" hits="1"/><line number="775" hits="1"/><line number="776" hits="1"/><line number="777" hits="2"/><line number="778" hits="0"/><line number="780" hits="1"/><line number="782" hits="1"/><line number="783" hits="2"/><line number="784" hits="2"/><line number="785" hits="1"/><line number="786" hits="2"/><line number="787" hits="1"/><line number="791" hits="1"/><line number="794" hits="1"/><line number="795" hits="1"/><line number="796" hits="2"/><line number="797" hits="0"/><line number="799" hits="1"/><line number="801" hits="1"/><line number="802" hits="2"/><line number="803" hits="2"/><line number="804" hits="1"/><line number="805" hits="2"/><line number="806" hits="1"/><line number="810" hits="1"/><line number="813" hits="0"/><line number="814" hits="0"/><line number="815" hits="0"/><line number="816" hits="0"/><line number="818" hits="0"/><line number="820" hits="0"/><line number="821" hits="0"/><line number="822" hits="0"/><line number="823" hits="0"/><line number="826" hits="0"/><line number="831" hits="0"/><line number="832" hits="0"/><line number="833" hits="0"/><line number="834" hits="0"/><line number="837" hits="0"/><line number="838" hits="0"/><line number="839" hits="0"/><line number="840" hits="0"/><line number="843" hits="0"/><line number="848" hits="2"/><line number="849" hits="1"/><line number="850" hits="2"/><line number="852" hits="1"/><line number="853" hits="3"/><line number="854" hits="3"/><line number="855" hits="2"/><line number="858" hits="1"/><line number="861" hits="1"/><line number="862" hits="2"/><line number="863" hits="1"/><line number="865" hits="2"/><line number="866" hits="3"/><line number="867" hits="3"/><line number="868" hits="1"/><line number="871" hits="1"/><line number="874" hits="1"/><line number="875" hits="1"/><line number="876" hits="1"/><line number="878" hits="1"/><line number="879" hits="2"/><line number="880" hits="2"/><line number="881" hits="1"/><line number="884" hits="1"/><line number="887" hits="1"/><line number="888" hits="1"/><line number="889" hits="1"/><line number="891" hits="1"/><line number="892" hits="2"/><line number="893" hits="2"/><line number="894" hits="1"/><line number="897" hits="1"/><line number="900" hits="0"/><line number="901" hits="0"/><line number="904" hits="0"/><line number="905" hits="0"/><line number="910" hits="1"/><line number="913" hits="1"/><line number="914" hits="1"/><line number="915" hits="1"/><line number="919" hits="5"/><line number="920" hits="3"/><line number="921" hits="0"/><line number="925" hits="6"/><line number="926" hits="3"/><line number="927" hits="0"/><line number="928" hits="0"/><line number="929" hits="0"/><line number="935" hits="9"/><line number="938" hits="3"/><line number="939" hits="6"/><line number="940" hits="6"/><line number="941" hits="3"/><line number="942" hits="6"/><line number="943" hits="6"/><line number="947" hits="3"/><line number="950" hits="1"/><line number="951" hits="2"/><line number="952" hits="2"/><line number="953" hits="1"/><line number="957" hits="2"/><line number="958" hits="0"/><line number="966" hits="1"/><line number="967" hits="4"/><line number="968" hits="6"/><line number="969" hits="3"/><line number="973" hits="3"/><line number="976" hits="1"/><line number="977" hits="2"/><line number="978" hits="3"/><line number="979" hits="1"/><line number="983" hits="4"/><line number="984" hits="0"/><line number="993" hits="2"/><line number="994" hits="6"/><line number="995" hits="2"/><line number="996" hits="4"/><line number="999" hits="2"/></lines></class><class name="mod" filename="lib/src/backend/mod.rs" line-rate="0.5" branch-rate="0" complexity="0"><methods/><lines><line number="577" hits="3"/><line number="578" hits="3"/><line number="579" hits="3"/><line number="597" hits="0"/><line number="602" hits="0"/><line number="603" hits="0"/></lines></class><class name="ndarray_backend" filename="lib/src/backend/ndarray_backend.rs" line-rate="0.8987341772151899" branch-rate="0" complexity="0"><methods/><lines><line number="55" hits="3"/><line number="56" hits="4"/><line number="57" hits="4"/><line number="58" hits="1"/><line number="60" hits="10"/><line number="61" hits="20"/><line number="62" hits="25"/><line number="63" hits="10"/><line number="74" hits="1"/><line number="87" hits="1"/><line number="88" hits="1"/><line number="103" hits="1"/><line number="104" hits="1"/><line number="118" hits="1"/><line number="119" hits="3"/><line number="139" hits="1"/><line number="140" hits="3"/><line number="141" hits="1"/><line number="158" hits="1"/><line number="159" hits="1"/><line number="176" hits="1"/><line number="177" hits="1"/><line number="205" hits="1"/><line number="206" hits="1"/><line number="231" hits="1"/><line number="232" hits="1"/><line number="250" hits="1"/><line number="251" hits="1"/><line number="255" hits="0"/><line number="256" hits="0"/><line number="274" hits="1"/><line number="275" hits="1"/><line number="276" hits="1"/><line number="292" hits="1"/><line number="293" hits="1"/><line number="310" hits="1"/><line number="311" hits="1"/><line number="329" hits="1"/><line number="330" hits="2"/><line number="331" hits="2"/><line number="332" hits="1"/><line number="334" hits="1"/><line number="335" hits="1"/><line number="350" hits="0"/><line number="351" hits="0"/><line number="364" hits="0"/><line number="365" hits="0"/><line number="378" hits="1"/><line number="379" hits="1"/><line number="394" hits="1"/><line number="395" hits="2"/><line number="396" hits="2"/><line number="397" hits="1"/><line number="398" hits="2"/><line number="399" hits="1"/><line number="401" hits="1"/><line number="420" hits="1"/><line number="421" hits="1"/><line number="422" hits="3"/><line number="428" hits="1"/><line number="429" hits="1"/><line number="436" hits="1"/><line number="437" hits="1"/><line number="443" hits="1"/><line number="444" hits="2"/><line number="445" hits="2"/><line number="446" hits="1"/><line number="448" hits="1"/><line number="449" hits="1"/><line number="455" hits="0"/><line number="456" hits="0"/><line number="460" hits="0"/><line number="461" hits="0"/><line number="465" hits="1"/><line number="466" hits="1"/><line number="470" hits="1"/><line number="471" hits="2"/><line number="472" hits="2"/><line number="473" hits="1"/><line number="474" hits="2"/><line number="475" hits="1"/><line number="477" hits="1"/><line number="486" hits="2"/><line number="487" hits="2"/><line number="488" hits="2"/><line number="489" hits="1"/><line number="491" hits="1"/><line number="492" hits="3"/><line number="494" hits="1"/><line number="500" hits="1"/><line number="501" hits="1"/><line number="508" hits="1"/><line number="509" hits="1"/><line number="513" hits="1"/><line number="514" hits="1"/><line number="521" hits="1"/><line number="522" hits="1"/><line number="530" hits="1"/><line number="535" hits="1"/><line number="536" hits="1"/><line number="542" hits="1"/><line number="543" hits="1"/><line number="547" hits="1"/><line number="548" hits="1"/><line number="554" hits="1"/><line number="555" hits="1"/><line number="559" hits="1"/><line number="560" hits="1"/><line number="564" hits="1"/><line number="565" hits="1"/><line number="569" hits="1"/><line number="570" hits="3"/><line number="574" hits="1"/><line number="575" hits="3"/><line number="579" hits="0"/><line number="580" hits="0"/><line number="584" hits="0"/><line number="585" hits="0"/><line number="591" hits="1"/><line number="592" hits="3"/><line number="596" hits="0"/><line number="597" hits="0"/><line number="601" hits="0"/><line number="602" hits="0"/><line number="606" hits="1"/><line number="607" hits="1"/><line number="611" hits="1"/><line number="612" hits="1"/><line number="616" hits="1"/><line number="617" hits="1"/><line number="621" hits="1"/><line number="622" hits="1"/><line number="631" hits="1"/><line number="632" hits="1"/><line number="638" hits="1"/><line number="639" hits="1"/><line number="643" hits="0"/><line number="644" hits="0"/><line number="651" hits="1"/><line number="652" hits="1"/><line number="653" hits="1"/><line number="656" hits="1"/><line number="657" hits="1"/><line number="658" hits="1"/><line number="659" hits="0"/><line number="662" hits="1"/><line number="663" hits="2"/><line number="665" hits="1"/><line number="666" hits="3"/><line number="667" hits="1"/><line number="668" hits="3"/><line number="669" hits="2"/><line number="670" hits="1"/><line number="672" hits="1"/><line number="673" hits="2"/><line number="675" hits="1"/><line number="678" hits="1"/><line number="679" hits="1"/><line number="680" hits="1"/><line number="681" hits="0"/><line number="684" hits="1"/><line number="685" hits="2"/><line number="686" hits="2"/><line number="687" hits="1"/><line number="688" hits="2"/><line number="689" hits="1"/><line number="693" hits="1"/><line number="696" hits="1"/><line number="697" hits="1"/><line number="698" hits="1"/><line number="699" hits="0"/><line number="702" hits="1"/><line number="703" hits="2"/><line number="704" hits="2"/><line number="705" hits="1"/><line number="706" hits="2"/><line number="707" hits="1"/><line number="711" hits="1"/><line number="714" hits="1"/><line number="715" hits="1"/><line number="720" hits="1"/><line number="721" hits="1"/><line number="726" hits="1"/><line number="727" hits="1"/><line number="730" hits="1"/><line number="731" hits="1"/><line number="734" hits="1"/><line number="735" hits="1"/><line number="738" hits="1"/><line number="739" hits="1"/><line number="742" hits="1"/><line number="743" hits="1"/><line number="746" hits="1"/><line number="747" hits="1"/><line number="752" hits="1"/><line number="755" hits="1"/><line number="756" hits="1"/><line number="757" hits="1"/><line number="761" hits="2"/><line number="762" hits="1"/><line number="763" hits="1"/><line number="764" hits="1"/><line number="769" hits="3"/><line number="770" hits="2"/><line number="771" hits="1"/><line number="772" hits="1"/><line number="773" hits="2"/><line number="779" hits="3"/><line number="782" hits="1"/><line number="783" hits="1"/><line number="784" hits="3"/><line number="785" hits="2"/><line number="786" hits="1"/><line number="787" hits="3"/><line number="788" hits="1"/><line number="791" hits="1"/><line number="794" hits="1"/><line number="797" hits="1"/><line number="798" hits="1"/><line number="799" hits="1"/><line number="800" hits="1"/><line number="804" hits="6"/><line number="805" hits="2"/><line number="814" hits="3"/><line number="815" hits="3"/><line number="818" hits="2"/><line number="819" hits="2"/><line number="820" hits="5"/><line number="821" hits="2"/><line number="822" hits="2"/><line number="827" hits="4"/><line number="828" hits="0"/><line number="837" hits="1"/><line number="838" hits="6"/><line number="839" hits="2"/><line number="840" hits="4"/><line number="843" hits="2"/></lines></class><class name="scalar" filename="lib/src/backend/scalar.rs" line-rate="0.9166666666666666" branch-rate="0" complexity="0"><methods/><lines><line number="86" hits="1"/><line number="87" hits="1"/><line number="90" hits="0"/><line number="91" hits="0"/><line number="102" hits="1"/><line number="106" hits="1"/><line number="110" hits="1"/><line number="111" hits="1"/><line number="165" hits="3"/><line number="167" hits="3"/><line number="181" hits="5"/><line number="182" hits="5"/><line number="198" hits="1"/><line number="200" hits="1"/><line number="218" hits="1"/><line number="220" hits="1"/><line number="246" hits="1"/><line number="248" hits="1"/><line number="258" hits="1"/><line number="260" hits="1"/><line number="270" hits="1"/><line number="272" hits="1"/><line number="285" hits="1"/><line number="287" hits="1"/></lines></class><class name="tensor1d" filename="lib/src/backend/tensor1d.rs" line-rate="1" branch-rate="0" complexity="0"><methods/><lines><line number="71" hits="1"/><line number="73" hits="1"/><line number="92" hits="1"/><line number="94" hits="2"/><line number="114" hits="1"/><line number="116" hits="1"/><line number="138" hits="3"/><line number="140" hits="3"/><line number="162" hits="2"/><line number="163" hits="1"/><line number="187" hits="3"/><line number="188" hits="4"/><line number="189" hits="9"/><line number="207" hits="1"/><line number="209" hits="1"/><line number="230" hits="2"/><line number="232" hits="2"/><line number="247" hits="1"/><line number="248" hits="1"/><line number="264" hits="1"/><line number="265" hits="2"/><line number="283" hits="2"/><line number="285" hits="1"/><line number="306" hits="2"/><line number="308" hits="2"/><line number="328" hits="1"/><line number="330" hits="1"/><line number="350" hits="2"/><line number="352" hits="2"/><line number="372" hits="1"/><line number="374" hits="2"/><line number="396" hits="1"/><line number="398" hits="2"/><line number="422" hits="1"/><line number="424" hits="1"/><line number="444" hits="1"/><line number="446" hits="1"/><line number="480" hits="1"/><line number="482" hits="3"/><line number="500" hits="1"/><line number="502" hits="1"/><line number="520" hits="1"/><line number="522" hits="1"/></lines></class><class name="tensor2d" filename="lib/src/backend/tensor2d.rs" line-rate="0.8" branch-rate="0" complexity="0"><methods/><lines><line number="87" hits="4"/><line number="89" hits="5"/><line number="109" hits="1"/><line number="111" hits="1"/><line number="132" hits="1"/><line number="134" hits="1"/><line number="155" hits="1"/><line number="157" hits="1"/><line number="178" hits="3"/><line number="180" hits="3"/><line number="204" hits="1"/><line number="206" hits="1"/><line number="243" hits="1"/><line number="245" hits="1"/><line number="283" hits="1"/><line number="285" hits="1"/><line number="301" hits="3"/><line number="303" hits="3"/><line number="330" hits="2"/><line number="332" hits="2"/><line number="354" hits="2"/><line number="356" hits="2"/><line number="372" hits="2"/><line number="374" hits="2"/><line number="391" hits="1"/><line number="393" hits="1"/><line number="417" hits="1"/><line number="419" hits="1"/><line number="440" hits="1"/><line number="442" hits="1"/><line number="463" hits="1"/><line number="465" hits="1"/><line number="487" hits="1"/><line number="489" hits="2"/><line number="510" hits="1"/><line number="512" hits="1"/><line number="533" hits="2"/><line number="535" hits="2"/><line number="556" hits="2"/><line number="558" hits="2"/><line number="581" hits="1"/><line number="583" hits="1"/><line number="608" hits="1"/><line number="610" hits="1"/><line number="643" hits="2"/><line number="645" hits="2"/><line number="679" hits="1"/><line number="681" hits="1"/><line number="699" hits="1"/><line number="701" hits="1"/><line number="719" hits="1"/><line number="721" hits="1"/><line number="742" hits="1"/><line number="743" hits="1"/><line number="762" hits="0"/><line number="763" hits="0"/><line number="764" hits="0"/><line number="765" hits="0"/><line number="766" hits="0"/><line number="767" hits="0"/><line number="768" hits="0"/><line number="772" hits="0"/><line number="773" hits="0"/><line number="774" hits="0"/><line number="775" hits="0"/><line number="777" hits="0"/><line number="799" hits="0"/><line number="801" hits="0"/><line number="806" hits="4"/><line number="808" hits="4"/></lines></class><class name="tensorlike" filename="lib/src/backend/tensorlike.rs" line-rate="0.8571428571428571" branch-rate="0" complexity="0"><methods/><lines><line number="68" hits="1"/><line number="70" hits="1"/><line number="75" hits="1"/><line number="77" hits="1"/><line number="82" hits="2"/><line number="84" hits="2"/><line number="89" hits="1"/><line number="91" hits="1"/><line number="96" hits="1"/><line number="98" hits="1"/><line number="103" hits="0"/><line number="105" hits="0"/><line number="110" hits="1"/><line number="112" hits="1"/></lines></class></classes></package><package name="benchmarks/src/bin" line-rate="0" branch-rate="0" complexity="0"><classes><class name="collect_metrics" filename="benchmarks/src/bin/collect_metrics.rs" line-rate="0" branch-rate="0" complexity="0"><methods/><lines><line number="30" hits="0"/><line number="31" hits="0"/></lines></class></classes></package><package name="lib/src" line-rate="0.8568267315777827" branch-rate="0" complexity="0"><classes><class name="serialization" filename="lib/src/serialization.rs" line-rate="1" branch-rate="0" complexity="0"><methods/><lines><line number="32" hits="13"/><line number="33" hits="13"/><line number="36" hits="7"/><line number="37" hits="7"/></lines></class></classes></package><package name="lib/src/onnx" line-rate="0.858793324775353" branch-rate="0" complexity="0"><classes><class name="error" filename="lib/src/onnx/error.rs" line-rate="1" branch-rate="0" complexity="0"><methods/><lines><line number="37" hits="1"/><line number="38" hits="1"/><line number="39" hits="1"/><line number="40" hits="1"/><line number="41" hits="1"/><line number="42" hits="1"/><line number="43" hits="1"/><line number="44" hits="1"/><line number="45" hits="1"/><line number="46" hits="1"/><line number="48" hits="1"/><line number="49" hits="1"/><line number="53" hits="1"/><line number="59" hits="1"/><line number="60" hits="1"/><line number="69" hits="1"/><line number="70" hits="1"/></lines></class><class name="export" filename="lib/src/onnx/export.rs" line-rate="1" branch-rate="0" complexity="0"><methods/><lines><line number="23" hits="2"/><line number="24" hits="2"/><line number="31" hits="2"/><line number="32" hits="4"/><line number="33" hits="4"/><line number="34" hits="2"/><line number="38" hits="1"/><line number="43" hits="2"/><line number="44" hits="2"/><line number="45" hits="1"/></lines></class><class name="from_pipeline" filename="lib/src/onnx/from_pipeline.rs" line-rate="0.7425742574257426" branch-rate="0" complexity="0"><methods/><lines><line number="18" hits="1"/><line number="19" hits="1"/><line number="20" hits="3"/><line number="23" hits="1"/><line number="26" hits="1"/><line number="29" hits="2"/><line number="30" hits="1"/><line number="31" hits="0"/><line number="32" hits="0"/><line number="33" hits="1"/><line number="34" hits="1"/><line number="35" hits="0"/><line number="39" hits="3"/><line number="42" hits="7"/><line number="43" hits="1"/><line number="50" hits="4"/><line number="51" hits="3"/><line number="56" hits="1"/><line number="59" hits="0"/><line number="68" hits="4"/><line number="70" hits="4"/><line number="75" hits="0"/><line number="76" hits="0"/><line number="88" hits="0"/><line number="91" hits="0"/><line number="94" hits="0"/><line number="95" hits="0"/><line number="96" hits="0"/><line number="97" hits="0"/><line number="98" hits="0"/><line number="99" hits="0"/><line number="100" hits="0"/><line number="104" hits="0"/><line number="105" hits="0"/><line number="108" hits="0"/><line number="111" hits="0"/><line number="112" hits="0"/><line number="113" hits="0"/><line number="118" hits="0"/><line number="119" hits="0"/><line number="123" hits="0"/><line number="124" hits="0"/><line number="125" hits="0"/><line number="128" hits="0"/><line number="129" hits="0"/><line number="131" hits="0"/><line number="132" hits="0"/><line number="135" hits="0"/><line number="136" hits="0"/><line number="138" hits="0"/><line number="147" hits="0"/><line number="149" hits="0"/><line number="164" hits="0"/><line number="166" hits="0"/><line number="167" hits="0"/><line number="168" hits="0"/><line number="173" hits="0"/><line number="174" hits="0"/><line number="178" hits="0"/><line number="182" hits="1"/><line number="185" hits="1"/><line number="186" hits="1"/><line number="187" hits="0"/><line number="188" hits="0"/><line number="189" hits="0"/><line number="190" hits="0"/><line number="191" hits="0"/><line number="192" hits="0"/><line number="193" hits="0"/><line number="198" hits="1"/><line number="201" hits="1"/><line number="204" hits="1"/><line number="205" hits="1"/><line number="206" hits="1"/><line number="207" hits="2"/><line number="208" hits="0"/><line number="209" hits="0"/><line number="214" hits="1"/><line number="218" hits="1"/><line number="223" hits="1"/><line number="225" hits="1"/><line number="226" hits="1"/><line number="227" hits="2"/><line number="229" hits="1"/><line number="230" hits="2"/><line number="232" hits="1"/><line number="233" hits="2"/><line number="235" hits="1"/><line number="236" hits="2"/><line number="238" hits="1"/><line number="239" hits="2"/><line number="241" hits="1"/><line number="242" hits="2"/><line number="244" hits="1"/><line number="245" hits="2"/><line number="247" hits="1"/><line number="248" hits="2"/><line number="252" hits="1"/><line number="256" hits="1"/><line number="262" hits="1"/><line number="263" hits="1"/><line number="269" hits="4"/><line number="270" hits="4"/><line number="273" hits="2"/><line number="274" hits="1"/><line number="277" hits="1"/><line number="278" hits="2"/><line number="279" hits="1"/><line number="281" hits="1"/><line number="285" hits="1"/><line number="291" hits="1"/><line number="292" hits="1"/><line number="296" hits="4"/><line number="297" hits="4"/><line number="298" hits="1"/><line number="301" hits="2"/><line number="302" hits="1"/><line number="305" hits="1"/><line number="306" hits="2"/><line number="308" hits="2"/><line number="309" hits="3"/><line number="312" hits="1"/><line number="313" hits="1"/><line number="315" hits="2"/><line number="319" hits="1"/><line number="325" hits="1"/><line number="326" hits="1"/><line number="329" hits="4"/><line number="330" hits="4"/><line number="333" hits="2"/><line number="334" hits="1"/><line number="337" hits="1"/><line number="338" hits="2"/><line number="339" hits="1"/><line number="341" hits="1"/><line number="345" hits="1"/><line number="351" hits="1"/><line number="352" hits="1"/><line number="355" hits="4"/><line number="358" hits="2"/><line number="361" hits="1"/><line number="363" hits="1"/><line number="367" hits="1"/><line number="378" hits="1"/><line number="379" hits="2"/><line number="382" hits="1"/><line number="383" hits="2"/><line number="386" hits="1"/><line number="387" hits="2"/><line number="390" hits="1"/><line number="392" hits="1"/><line number="396" hits="1"/><line number="402" hits="1"/><line number="403" hits="2"/><line number="406" hits="8"/><line number="409" hits="4"/><line number="421" hits="2"/><line number="422" hits="2"/><line number="424" hits="2"/><line number="425" hits="2"/><line number="426" hits="1"/><line number="430" hits="2"/><line number="432" hits="2"/><line number="433" hits="4"/><line number="434" hits="2"/><line number="437" hits="2"/><line number="441" hits="1"/><line number="447" hits="1"/><line number="454" hits="1"/><line number="455" hits="4"/><line number="458" hits="1"/><line number="461" hits="5"/><line number="466" hits="1"/><line number="468" hits="1"/><line number="469" hits="2"/><line number="473" hits="1"/><line number="474" hits="3"/><line number="477" hits="1"/><line number="479" hits="1"/><line number="480" hits="2"/><line number="481" hits="2"/><line number="484" hits="2"/><line number="488" hits="1"/><line number="499" hits="2"/><line number="501" hits="1"/><line number="502" hits="2"/><line number="503" hits="1"/><line number="506" hits="1"/><line number="510" hits="1"/><line number="515" hits="1"/><line number="516" hits="1"/><line number="517" hits="1"/><line number="520" hits="1"/><line number="521" hits="2"/><line number="528" hits="2"/><line number="532" hits="1"/><line number="535" hits="0"/><line number="536" hits="2"/><line number="537" hits="1"/><line number="540" hits="1"/><line number="547" hits="1"/><line number="550" hits="2"/></lines></class><class name="graph" filename="lib/src/onnx/graph.rs" line-rate="0.9688715953307393" branch-rate="0" complexity="0"><methods/><lines><line number="30" hits="1"/><line number="31" hits="1"/><line number="32" hits="1"/><line number="34" hits="1"/><line number="35" hits="2"/><line number="38" hits="4"/><line number="39" hits="2"/><line number="46" hits="3"/><line number="47" hits="3"/><line number="48" hits="2"/><line number="53" hits="1"/><line number="54" hits="2"/><line number="55" hits="1"/><line number="58" hits="1"/><line number="67" hits="1"/><line number="73" hits="3"/><line number="74" hits="1"/><line number="75" hits="2"/><line number="76" hits="0"/><line number="82" hits="1"/><line number="83" hits="1"/><line number="84" hits="1"/><line number="85" hits="1"/><line number="89" hits="1"/><line number="90" hits="2"/><line number="92" hits="5"/><line number="93" hits="3"/><line number="95" hits="3"/><line number="97" hits="4"/><line number="99" hits="1"/><line number="105" hits="3"/><line number="106" hits="1"/><line number="114" hits="3"/><line number="115" hits="1"/><line number="116" hits="2"/><line number="120" hits="1"/><line number="122" hits="2"/><line number="126" hits="3"/><line number="127" hits="1"/><line number="129" hits="7"/><line number="130" hits="6"/><line number="132" hits="1"/><line number="134" hits="1"/><line number="136" hits="3"/><line number="142" hits="1"/><line number="143" hits="3"/><line number="151" hits="1"/><line number="152" hits="3"/><line number="153" hits="1"/><line number="157" hits="3"/><line number="159" hits="1"/><line number="163" hits="1"/><line number="170" hits="1"/><line number="171" hits="3"/><line number="175" hits="1"/><line number="185" hits="1"/><line number="186" hits="1"/><line number="190" hits="1"/><line number="192" hits="1"/><line number="193" hits="1"/><line number="197" hits="3"/><line number="198" hits="1"/><line number="203" hits="3"/><line number="204" hits="1"/><line number="205" hits="1"/><line number="209" hits="1"/><line number="210" hits="1"/><line number="211" hits="1"/><line number="215" hits="1"/><line number="216" hits="1"/><line number="217" hits="1"/><line number="221" hits="1"/><line number="222" hits="1"/><line number="226" hits="1"/><line number="227" hits="1"/><line number="231" hits="1"/><line number="232" hits="3"/><line number="233" hits="3"/><line number="237" hits="1"/><line number="238" hits="2"/><line number="239" hits="2"/><line number="240" hits="1"/><line number="250" hits="3"/><line number="261" hits="7"/><line number="262" hits="1"/><line number="263" hits="3"/><line number="264" hits="4"/><line number="265" hits="4"/><line number="268" hits="8"/><line number="269" hits="4"/><line number="270" hits="11"/><line number="273" hits="3"/><line number="277" hits="1"/><line number="278" hits="2"/><line number="280" hits="1"/><line number="281" hits="2"/><line number="282" hits="1"/><line number="287" hits="1"/><line number="288" hits="4"/><line number="290" hits="2"/><line number="291" hits="4"/><line number="292" hits="2"/><line number="297" hits="2"/><line number="298" hits="3"/><line number="300" hits="2"/><line number="301" hits="2"/><line number="302" hits="1"/><line number="307" hits="1"/><line number="308" hits="2"/><line number="310" hits="1"/><line number="311" hits="2"/><line number="312" hits="1"/><line number="317" hits="1"/><line number="318" hits="2"/><line number="320" hits="1"/><line number="321" hits="2"/><line number="322" hits="1"/><line number="327" hits="1"/><line number="328" hits="1"/><line number="329" hits="2"/><line number="330" hits="2"/><line number="332" hits="1"/><line number="333" hits="2"/><line number="334" hits="1"/><line number="339" hits="1"/><line number="340" hits="2"/><line number="342" hits="1"/><line number="343" hits="2"/><line number="344" hits="2"/><line number="349" hits="1"/><line number="350" hits="4"/><line number="351" hits="2"/><line number="353" hits="1"/><line number="354" hits="2"/><line number="355" hits="2"/><line number="360" hits="1"/><line number="361" hits="3"/><line number="363" hits="2"/><line number="364" hits="3"/><line number="365" hits="2"/><line number="370" hits="1"/><line number="371" hits="3"/><line number="372" hits="2"/><line number="374" hits="1"/><line number="375" hits="2"/><line number="376" hits="1"/><line number="379" hits="1"/><line number="380" hits="2"/><line number="381" hits="1"/><line number="383" hits="1"/><line number="384" hits="2"/><line number="385" hits="1"/><line number="391" hits="1"/><line number="392" hits="1"/><line number="393" hits="2"/><line number="394" hits="2"/><line number="396" hits="1"/><line number="397" hits="2"/><line number="398" hits="1"/><line number="403" hits="1"/><line number="410" hits="2"/><line number="412" hits="1"/><line number="413" hits="2"/><line number="414" hits="3"/><line number="415" hits="2"/><line number="416" hits="1"/><line number="422" hits="1"/><line number="429" hits="2"/><line number="431" hits="1"/><line number="432" hits="2"/><line number="433" hits="4"/><line number="434" hits="2"/><line number="435" hits="2"/><line number="441" hits="1"/><line number="442" hits="2"/><line number="444" hits="2"/><line number="445" hits="3"/><line number="446" hits="1"/><line number="451" hits="1"/><line number="452" hits="2"/><line number="454" hits="1"/><line number="455" hits="2"/><line number="456" hits="1"/><line number="461" hits="1"/><line number="462" hits="2"/><line number="464" hits="1"/><line number="465" hits="2"/><line number="466" hits="1"/><line number="471" hits="1"/><line number="472" hits="2"/><line number="474" hits="1"/><line number="475" hits="2"/><line number="476" hits="1"/><line number="481" hits="1"/><line number="488" hits="1"/><line number="490" hits="3"/><line number="491" hits="2"/><line number="492" hits="2"/><line number="493" hits="1"/><line number="496" hits="3"/><line number="497" hits="2"/><line number="498" hits="2"/><line number="499" hits="1"/><line number="502" hits="2"/><line number="506" hits="1"/><line number="513" hits="2"/><line number="515" hits="1"/><line number="516" hits="2"/><line number="517" hits="3"/><line number="518" hits="2"/><line number="519" hits="2"/><line number="525" hits="1"/><line number="532" hits="2"/><line number="534" hits="1"/><line number="535" hits="2"/><line number="536" hits="3"/><line number="537" hits="1"/><line number="538" hits="2"/><line number="544" hits="1"/><line number="545" hits="2"/><line number="547" hits="1"/><line number="548" hits="2"/><line number="549" hits="2"/><line number="554" hits="1"/><line number="555" hits="2"/><line number="557" hits="1"/><line number="558" hits="2"/><line number="559" hits="2"/><line number="564" hits="1"/><line number="571" hits="2"/><line number="573" hits="1"/><line number="574" hits="2"/><line number="575" hits="3"/><line number="576" hits="2"/><line number="577" hits="2"/><line number="587" hits="2"/><line number="588" hits="4"/><line number="590" hits="1"/><line number="591" hits="5"/><line number="592" hits="4"/><line number="597" hits="1"/><line number="598" hits="2"/><line number="600" hits="1"/><line number="601" hits="2"/><line number="602" hits="1"/><line number="607" hits="1"/><line number="608" hits="2"/><line number="610" hits="1"/><line number="611" hits="2"/><line number="612" hits="1"/><line number="619" hits="0"/><line number="625" hits="0"/><line number="627" hits="0"/><line number="628" hits="0"/><line number="629" hits="0"/><line number="635" hits="0"/><line number="636" hits="0"/></lines></class><class name="model_impls" filename="lib/src/onnx/model_impls.rs" line-rate="0.8666666666666667" branch-rate="0" complexity="0"><methods/><lines><line number="16" hits="1"/><line number="17" hits="1"/><line number="18" hits="2"/><line number="21" hits="1"/><line number="24" hits="4"/><line number="25" hits="2"/><line number="30" hits="3"/><line number="31" hits="1"/><line number="34" hits="1"/><line number="37" hits="0"/><line number="46" hits="2"/><line number="48" hits="3"/><line number="57" hits="1"/><line number="58" hits="1"/><line number="59" hits="1"/><line number="60" hits="1"/><line number="63" hits="1"/><line number="66" hits="2"/><line number="69" hits="4"/><line number="70" hits="3"/><line number="73" hits="1"/><line number="74" hits="4"/><line number="77" hits="0"/><line number="78" hits="0"/><line number="82" hits="9"/><line number="84" hits="6"/><line number="87" hits="5"/><line number="88" hits="4"/><line number="89" hits="6"/><line number="90" hits="6"/><line number="93" hits="3"/><line number="94" hits="4"/><line number="95" hits="1"/><line number="96" hits="3"/><line number="100" hits="3"/><line number="104" hits="4"/><line number="105" hits="3"/><line number="106" hits="3"/><line number="107" hits="2"/><line number="112" hits="4"/><line number="116" hits="2"/><line number="117" hits="4"/><line number="118" hits="0"/><line number="119" hits="5"/><line number="121" hits="0"/><line number="122" hits="2"/><line number="124" hits="0"/><line number="125" hits="2"/><line number="127" hits="0"/><line number="129" hits="1"/><line number="130" hits="0"/><line number="134" hits="2"/><line number="138" hits="4"/><line number="140" hits="1"/><line number="149" hits="1"/><line number="151" hits="1"/><line number="152" hits="1"/><line number="155" hits="1"/><line number="158" hits="3"/><line number="159" hits="6"/><line number="160" hits="1"/><line number="165" hits="2"/><line number="166" hits="0"/><line number="170" hits="2"/><line number="171" hits="1"/><line number="172" hits="2"/><line number="175" hits="3"/><line number="176" hits="1"/><line number="178" hits="2"/><line number="179" hits="1"/><line number="182" hits="3"/><line number="183" hits="2"/><line number="185" hits="0"/><line number="194" hits="2"/><line number="196" hits="3"/></lines></class><class name="proto" filename="lib/src/onnx/proto.rs" line-rate="1" branch-rate="0" complexity="0"><methods/><lines><line number="247" hits="1"/><line number="255" hits="1"/><line number="256" hits="1"/><line number="257" hits="1"/><line number="258" hits="1"/><line number="259" hits="1"/><line number="260" hits="1"/><line number="261" hits="1"/><line number="262" hits="1"/><line number="263" hits="1"/><line number="264" hits="1"/><line number="265" hits="1"/><line number="266" hits="1"/><line number="267" hits="1"/><line number="268" hits="1"/><line number="295" hits="3"/><line number="297" hits="8"/><line number="300" hits="1"/><line number="302" hits="3"/><line number="303" hits="1"/><line number="304" hits="3"/><line number="305" hits="1"/><line number="307" hits="3"/><line number="312" hits="2"/><line number="314" hits="7"/><line number="317" hits="1"/><line number="319" hits="1"/><line number="320" hits="1"/><line number="321" hits="1"/><line number="322" hits="1"/><line number="324" hits="1"/><line number="329" hits="1"/><line number="330" hits="4"/><line number="333" hits="1"/><line number="335" hits="1"/><line number="336" hits="1"/><line number="337" hits="1"/><line number="338" hits="1"/><line number="340" hits="1"/><line number="347" hits="3"/><line number="349" hits="1"/><line number="350" hits="3"/><line number="353" hits="1"/><line number="355" hits="3"/><line number="356" hits="1"/><line number="361" hits="2"/><line number="363" hits="2"/><line number="364" hits="1"/><line number="367" hits="1"/><line number="369" hits="1"/><line number="370" hits="1"/><line number="375" hits="2"/><line number="377" hits="2"/><line number="378" hits="2"/><line number="381" hits="2"/><line number="383" hits="2"/><line number="384" hits="2"/><line number="389" hits="1"/><line number="391" hits="1"/><line number="392" hits="1"/><line number="395" hits="2"/><line number="397" hits="2"/><line number="403" hits="1"/><line number="405" hits="1"/><line number="406" hits="1"/><line number="409" hits="1"/><line number="412" hits="1"/></lines></class><class name="server" filename="lib/src/onnx/server.rs" line-rate="0" branch-rate="0" complexity="0"><methods/><lines><line number="355" hits="0"/><line number="356" hits="0"/><line number="357" hits="0"/><line number="367" hits="0"/><line number="368" hits="0"/><line number="369" hits="0"/></lines></class><class name="traits" filename="lib/src/onnx/traits.rs" line-rate="1" branch-rate="0" complexity="0"><methods/><lines><line number="141" hits="4"/><line number="142" hits="4"/><line number="143" hits="5"/><line number="144" hits="5"/><line number="145" hits="7"/><line number="151" hits="3"/><line number="152" hits="3"/><line number="160" hits="4"/><line number="165" hits="21"/><line number="166" hits="4"/><line number="167" hits="4"/><line number="168" hits="12"/><line number="169" hits="4"/><line number="170" hits="4"/><line number="172" hits="8"/><line number="173" hits="8"/><line number="174" hits="4"/><line number="183" hits="4"/><line number="184" hits="4"/></lines></class><class name="transformer_impls" filename="lib/src/onnx/transformer_impls.rs" line-rate="0.7301587301587301" branch-rate="0" complexity="0"><methods/><lines><line number="26" hits="1"/><line number="31" hits="1"/><line number="32" hits="2"/><line number="35" hits="5"/><line number="36" hits="6"/><line number="39" hits="2"/><line number="40" hits="1"/><line number="41" hits="3"/><line number="42" hits="1"/><line number="45" hits="2"/><line number="46" hits="1"/><line number="47" hits="3"/><line number="48" hits="2"/><line number="50" hits="2"/><line number="59" hits="1"/><line number="64" hits="1"/><line number="65" hits="1"/><line number="68" hits="7"/><line number="69" hits="4"/><line number="70" hits="1"/><line number="73" hits="1"/><line number="74" hits="1"/><line number="75" hits="2"/><line number="76" hits="1"/><line number="79" hits="1"/><line number="80" hits="1"/><line number="81" hits="2"/><line number="83" hits="2"/><line number="84" hits="1"/><line number="87" hits="1"/><line number="88" hits="2"/><line number="89" hits="1"/><line number="91" hits="1"/><line number="100" hits="1"/><line number="105" hits="1"/><line number="106" hits="1"/><line number="109" hits="4"/><line number="110" hits="4"/><line number="113" hits="1"/><line number="114" hits="1"/><line number="115" hits="2"/><line number="116" hits="1"/><line number="119" hits="1"/><line number="120" hits="1"/><line number="121" hits="2"/><line number="122" hits="1"/><line number="124" hits="1"/><line number="133" hits="1"/><line number="138" hits="1"/><line number="139" hits="1"/><line number="142" hits="4"/><line number="145" hits="1"/><line number="146" hits="2"/><line number="149" hits="1"/><line number="150" hits="2"/><line number="152" hits="1"/><line number="161" hits="1"/><line number="170" hits="1"/><line number="171" hits="2"/><line number="174" hits="1"/><line number="175" hits="2"/><line number="178" hits="1"/><line number="179" hits="2"/><line number="182" hits="1"/><line number="183" hits="2"/><line number="185" hits="1"/><line number="194" hits="1"/><line number="199" hits="1"/><line number="200" hits="1"/><line number="203" hits="4"/><line number="206" hits="2"/><line number="207" hits="2"/><line number="211" hits="1"/><line number="212" hits="1"/><line number="214" hits="1"/><line number="216" hits="2"/><line number="217" hits="2"/><line number="218" hits="1"/><line number="222" hits="1"/><line number="224" hits="1"/><line number="225" hits="2"/><line number="226" hits="1"/><line number="229" hits="1"/><line number="238" hits="0"/><line number="243" hits="0"/><line number="246" hits="0"/><line number="247" hits="0"/><line number="250" hits="0"/><line number="253" hits="0"/><line number="254" hits="0"/><line number="257" hits="0"/><line number="258" hits="0"/><line number="261" hits="0"/><line number="262" hits="0"/><line number="264" hits="0"/><line number="265" hits="0"/><line number="266" hits="0"/><line number="269" hits="0"/><line number="278" hits="0"/><line number="288" hits="0"/><line number="289" hits="0"/><line number="291" hits="0"/><line number="292" hits="0"/><line number="293" hits="0"/><line number="296" hits="0"/><line number="305" hits="1"/><line number="310" hits="1"/><line number="311" hits="1"/><line number="314" hits="1"/><line number="315" hits="2"/><line number="321" hits="0"/><line number="330" hits="1"/><line number="335" hits="1"/><line number="336" hits="1"/><line number="337" hits="1"/><line number="339" hits="0"/><line number="340" hits="0"/><line number="341" hits="0"/><line number="342" hits="0"/><line number="343" hits="0"/><line number="345" hits="0"/><line number="346" hits="0"/><line number="348" hits="0"/><line number="349" hits="0"/><line number="351" hits="0"/><line number="352" hits="0"/></lines></class></classes></package><package name="lib/src/preprocessing" line-rate="0.8386095592799503" branch-rate="0" complexity="0"><classes><class name="error" filename="lib/src/preprocessing/error.rs" line-rate="1" branch-rate="0" complexity="0"><methods/><lines><line number="30" hits="2"/><line number="31" hits="2"/><line number="32" hits="1"/><line number="33" hits="1"/><line number="35" hits="1"/><line number="36" hits="1"/><line number="38" hits="1"/><line number="39" hits="1"/><line number="41" hits="1"/><line number="42" hits="1"/><line number="44" hits="1"/><line number="45" hits="1"/><line number="47" hits="1"/><line number="48" hits="1"/><line number="50" hits="1"/><line number="51" hits="1"/><line number="53" hits="1"/><line number="57" hits="1"/><line number="70" hits="1"/><line number="71" hits="2"/><line number="76" hits="1"/><line number="77" hits="2"/></lines></class><class name="predictive_pipeline" filename="lib/src/preprocessing/predictive_pipeline.rs" line-rate="0.8301886792452831" branch-rate="0" complexity="0"><methods/><lines><line number="57" hits="1"/><line number="62" hits="3"/><line number="73" hits="1"/><line number="74" hits="1"/><line number="78" hits="1"/><line number="79" hits="1"/><line number="81" hits="2"/><line number="82" hits="2"/><line number="85" hits="2"/><line number="89" hits="2"/><line number="90" hits="2"/><line number="92" hits="2"/><line number="93" hits="1"/><line number="94" hits="1"/><line number="95" hits="0"/><line number="99" hits="1"/><line number="100" hits="1"/><line number="102" hits="1"/><line number="106" hits="1"/><line number="107" hits="1"/><line number="108" hits="2"/><line number="109" hits="2"/><line number="113" hits="1"/><line number="117" hits="2"/><line number="118" hits="0"/><line number="120" hits="3"/><line number="121" hits="1"/><line number="122" hits="1"/><line number="126" hits="1"/><line number="127" hits="1"/><line number="128" hits="1"/><line number="129" hits="0"/><line number="131" hits="1"/><line number="132" hits="2"/><line number="138" hits="1"/><line number="143" hits="1"/><line number="147" hits="1"/><line number="149" hits="1"/><line number="151" hits="1"/><line number="152" hits="2"/><line number="154" hits="2"/><line number="155" hits="0"/><line number="157" hits="0"/><line number="159" hits="0"/><line number="160" hits="0"/><line number="162" hits="1"/><line number="165" hits="2"/><line number="167" hits="1"/><line number="168" hits="1"/><line number="169" hits="1"/><line number="170" hits="0"/><line number="171" hits="1"/><line number="172" hits="0"/></lines></class><class name="traits" filename="lib/src/preprocessing/traits.rs" line-rate="1" branch-rate="0" complexity="0"><methods/><lines><line number="121" hits="4"/><line number="122" hits="4"/><line number="123" hits="8"/><line number="124" hits="8"/><line number="128" hits="4"/><line number="132" hits="4"/><line number="133" hits="12"/><line number="134" hits="4"/><line number="135" hits="4"/></lines></class></classes></package><package name="benchmarks/benches" line-rate="0" branch-rate="0" complexity="0"><classes></classes></package><package name="benchmarks/benches/linear_regression" line-rate="0" branch-rate="0" complexity="0"><classes></classes></package><package name="lib/src/bin" line-rate="0" branch-rate="0" complexity="0"><classes><class name="onnx-server" filename="lib/src/bin/onnx-server.rs" line-rate="0" branch-rate="0" complexity="0"><methods/><lines><line number="97" hits="0"/><line number="98" hits="0"/><line number="99" hits="0"/><line number="100" hits="0"/></lines></class></classes></package><package name="lib/src/model_selection" line-rate="0.855787476280835" branch-rate="0" complexity="0"><classes><class name="cross_validation" filename="lib/src/model_selection/cross_validation.rs" line-rate="1" branch-rate="0" complexity="0"><methods/><lines><line number="51" hits="1"/><line number="60" hits="2"/><line number="61" hits="2"/><line number="62" hits="2"/><line number="63" hits="2"/><line number="68" hits="2"/><line number="69" hits="3"/><line number="70" hits="1"/><line number="78" hits="3"/><line number="81" hits="2"/><line number="82" hits="2"/><line number="83" hits="2"/><line number="84" hits="2"/><line number="89" hits="3"/><line number="90" hits="5"/><line number="91" hits="2"/><line number="92" hits="10"/><line number="93" hits="2"/><line number="95" hits="2"/><line number="100" hits="2"/><line number="101" hits="3"/><line number="103" hits="10"/><line number="104" hits="5"/><line number="105" hits="8"/><line number="108" hits="8"/><line number="111" hits="8"/><line number="112" hits="8"/><line number="113" hits="3"/><line number="115" hits="5"/><line number="116" hits="3"/><line number="119" hits="3"/><line number="122" hits="1"/><line number="123" hits="1"/></lines></class><class name="grid_search" filename="lib/src/model_selection/grid_search.rs" line-rate="0.7894736842105263" branch-rate="0" complexity="0"><methods/><lines><line number="105" hits="1"/><line number="108" hits="1"/><line number="122" hits="1"/><line number="124" hits="1"/><line number="126" hits="1"/><line number="127" hits="1"/><line number="133" hits="1"/><line number="134" hits="1"/><line number="135" hits="1"/><line number="146" hits="1"/><line number="151" hits="2"/><line number="152" hits="3"/><line number="154" hits="6"/><line number="155" hits="1"/><line number="156" hits="0"/><line number="157" hits="0"/><line number="158" hits="0"/><line number="159" hits="0"/><line number="163" hits="3"/><line number="164" hits="6"/><line number="167" hits="16"/><line number="168" hits="4"/><line number="169" hits="1"/><line number="170" hits="0"/><line number="171" hits="0"/><line number="172" hits="0"/><line number="173" hits="0"/><line number="174" hits="0"/><line number="175" hits="0"/><line number="176" hits="0"/><line number="180" hits="10"/><line number="183" hits="2"/><line number="184" hits="5"/><line number="185" hits="2"/><line number="186" hits="6"/><line number="187" hits="1"/><line number="188" hits="2"/><line number="189" hits="3"/><line number="191" hits="2"/><line number="192" hits="2"/><line number="193" hits="2"/><line number="194" hits="4"/><line number="195" hits="2"/><line number="196" hits="4"/><line number="197" hits="0"/><line number="198" hits="0"/><line number="199" hits="1"/><line number="204" hits="5"/><line number="205" hits="1"/><line number="206" hits="1"/><line number="207" hits="1"/><line number="210" hits="4"/><line number="212" hits="3"/><line number="213" hits="2"/><line number="214" hits="0"/><line number="215" hits="0"/><line number="216" hits="0"/><line number="217" hits="0"/><line number="218" hits="0"/><line number="220" hits="1"/><line number="221" hits="0"/><line number="222" hits="0"/><line number="223" hits="0"/><line number="224" hits="0"/><line number="229" hits="4"/><line number="231" hits="1"/><line number="232" hits="1"/><line number="233" hits="3"/><line number="234" hits="1"/><line number="235" hits="8"/><line number="240" hits="7"/><line number="247" hits="4"/><line number="249" hits="11"/><line number="250" hits="11"/><line number="251" hits="11"/><line number="254" hits="8"/><line number="257" hits="10"/><line number="259" hits="3"/><line number="260" hits="1"/><line number="263" hits="6"/><line number="266" hits="1"/><line number="270" hits="4"/><line number="276" hits="7"/><line number="277" hits="0"/><line number="278" hits="11"/><line number="280" hits="4"/><line number="281" hits="2"/><line number="282" hits="1"/><line number="283" hits="1"/><line number="286" hits="1"/><line number="288" hits="7"/><line number="289" hits="7"/><line number="290" hits="7"/><line number="293" hits="3"/><line number="298" hits="2"/><line number="304" hits="1"/><line number="305" hits="0"/><line number="306" hits="3"/><line number="308" hits="2"/><line number="309" hits="2"/><line number="310" hits="1"/><line number="311" hits="1"/><line number="314" hits="1"/><line number="316" hits="2"/><line number="317" hits="1"/><line number="318" hits="1"/><line number="321" hits="2"/><line number="326" hits="3"/><line number="331" hits="1"/><line number="334" hits="6"/><line number="335" hits="4"/><line number="336" hits="3"/><line number="339" hits="1"/><line number="342" hits="8"/></lines></class><class name="param_grid" filename="lib/src/model_selection/param_grid.rs" line-rate="0.9107142857142857" branch-rate="0" complexity="0"><methods/><lines><line number="49" hits="1"/><line number="54" hits="1"/><line number="55" hits="1"/><line number="59" hits="2"/><line number="60" hits="2"/><line number="73" hits="1"/><line number="78" hits="1"/><line number="79" hits="1"/><line number="83" hits="1"/><line number="84" hits="1"/><line number="112" hits="1"/><line number="113" hits="1"/><line number="117" hits="1"/><line number="118" hits="2"/><line number="119" hits="1"/><line number="123" hits="1"/><line number="124" hits="2"/><line number="125" hits="1"/><line number="129" hits="1"/><line number="130" hits="2"/><line number="131" hits="1"/><line number="135" hits="1"/><line number="136" hits="3"/><line number="137" hits="3"/><line number="138" hits="3"/><line number="140" hits="1"/><line number="144" hits="1"/><line number="146" hits="1"/><line number="165" hits="1"/><line number="170" hits="3"/><line number="171" hits="5"/><line number="173" hits="1"/><line number="177" hits="3"/><line number="178" hits="3"/><line number="180" hits="1"/><line number="184" hits="3"/><line number="185" hits="3"/><line number="188" hits="2"/><line number="189" hits="1"/><line number="193" hits="2"/><line number="194" hits="1"/><line number="195" hits="1"/><line number="199" hits="1"/><line number="200" hits="2"/><line number="201" hits="1"/><line number="202" hits="1"/><line number="203" hits="3"/><line number="204" hits="1"/><line number="205" hits="1"/><line number="209" hits="1"/><line number="241" hits="2"/><line number="246" hits="1"/><line number="247" hits="1"/><line number="251" hits="1"/><line number="252" hits="3"/><line number="257" hits="1"/><line number="259" hits="1"/><line number="276" hits="5"/><line number="277" hits="2"/><line number="278" hits="1"/><line number="279" hits="5"/><line number="284" hits="0"/><line number="285" hits="0"/><line number="289" hits="4"/><line number="290" hits="7"/><line number="291" hits="1"/><line number="292" hits="3"/><line number="308" hits="1"/><line number="316" hits="6"/><line number="317" hits="2"/><line number="321" hits="0"/><line number="322" hits="0"/><line number="327" hits="1"/><line number="329" hits="2"/><line number="330" hits="4"/><line number="344" hits="1"/><line number="349" hits="1"/><line number="350" hits="1"/><line number="354" hits="0"/><line number="355" hits="0"/><line number="390" hits="1"/><line number="391" hits="1"/><line number="395" hits="2"/><line number="396" hits="4"/><line number="397" hits="2"/><line number="401" hits="0"/><line number="402" hits="0"/><line number="403" hits="0"/><line number="407" hits="1"/><line number="408" hits="3"/><line number="409" hits="2"/><line number="413" hits="0"/><line number="414" hits="0"/><line number="415" hits="0"/><line number="419" hits="1"/><line number="420" hits="2"/><line number="421" hits="1"/><line number="425" hits="1"/><line number="426" hits="2"/><line number="427" hits="1"/><line number="431" hits="2"/><line number="432" hits="4"/><line number="433" hits="2"/><line number="434" hits="1"/><line number="435" hits="8"/><line number="437" hits="3"/><line number="443" hits="7"/><line number="445" hits="4"/><line number="468" hits="4"/><line number="469" hits="7"/><line number="470" hits="7"/><line number="474" hits="4"/><line number="475" hits="18"/><line number="478" hits="11"/><line number="479" hits="1"/><line number="483" hits="11"/><line number="484" hits="4"/><line number="485" hits="7"/><line number="486" hits="4"/><line number="487" hits="7"/><line number="491" hits="4"/><line number="492" hits="11"/><line number="493" hits="7"/><line number="494" hits="4"/><line number="495" hits="11"/><line number="496" hits="7"/><line number="497" hits="4"/><line number="498" hits="11"/><line number="499" hits="7"/><line number="500" hits="4"/><line number="501" hits="17"/><line number="502" hits="6"/><line number="503" hits="5"/><line number="509" hits="1"/><line number="531" hits="1"/><line number="533" hits="1"/><line number="534" hits="1"/><line number="535" hits="1"/><line number="536" hits="1"/><line number="585" hits="1"/><line number="593" hits="1"/><line number="595" hits="1"/><line number="601" hits="1"/><line number="602" hits="1"/><line number="606" hits="1"/><line number="607" hits="1"/><line number="608" hits="1"/><line number="609" hits="1"/><line number="612" hits="1"/><line number="613" hits="1"/><line number="633" hits="1"/><line number="634" hits="1"/><line number="635" hits="0"/><line number="639" hits="2"/><line number="640" hits="1"/><line number="641" hits="1"/><line number="643" hits="1"/><line number="650" hits="1"/><line number="651" hits="1"/><line number="652" hits="1"/><line number="653" hits="1"/><line number="657" hits="2"/><line number="660" hits="1"/><line number="661" hits="1"/><line number="662" hits="1"/><line number="664" hits="1"/><line number="670" hits="0"/><line number="671" hits="0"/></lines></class><class name="pipeline_grid_search" filename="lib/src/model_selection/pipeline_grid_search.rs" line-rate="0.8010752688172043" branch-rate="0" complexity="0"><methods/><lines><line number="125" hits="1"/><line number="128" hits="1"/><line number="142" hits="2"/><line number="144" hits="1"/><line number="146" hits="6"/><line number="147" hits="1"/><line number="153" hits="2"/><line number="154" hits="2"/><line number="155" hits="5"/><line number="169" hits="1"/><line number="174" hits="3"/><line number="177" hits="6"/><line number="178" hits="3"/><line number="180" hits="0"/><line number="181" hits="9"/><line number="182" hits="5"/><line number="183" hits="12"/><line number="184" hits="4"/><line number="188" hits="17"/><line number="189" hits="4"/><line number="191" hits="8"/><line number="192" hits="3"/><line number="194" hits="6"/><line number="195" hits="2"/><line number="196" hits="0"/><line number="197" hits="0"/><line number="198" hits="0"/><line number="199" hits="0"/><line number="203" hits="10"/><line number="206" hits="13"/><line number="207" hits="8"/><line number="208" hits="2"/><line number="209" hits="0"/><line number="210" hits="0"/><line number="211" hits="0"/><line number="212" hits="0"/><line number="213" hits="0"/><line number="214" hits="0"/><line number="215" hits="0"/><line number="219" hits="10"/><line number="222" hits="6"/><line number="223" hits="9"/><line number="224" hits="1"/><line number="225" hits="6"/><line number="226" hits="3"/><line number="227" hits="1"/><line number="228" hits="2"/><line number="230" hits="5"/><line number="231" hits="4"/><line number="232" hits="2"/><line number="233" hits="0"/><line number="234" hits="0"/><line number="235" hits="4"/><line number="240" hits="2"/><line number="241" hits="1"/><line number="242" hits="1"/><line number="243" hits="1"/><line number="246" hits="2"/><line number="248" hits="2"/><line number="249" hits="2"/><line number="250" hits="0"/><line number="251" hits="0"/><line number="252" hits="0"/><line number="253" hits="0"/><line number="254" hits="0"/><line number="256" hits="1"/><line number="257" hits="0"/><line number="258" hits="0"/><line number="259" hits="0"/><line number="260" hits="0"/><line number="265" hits="6"/><line number="267" hits="3"/><line number="268" hits="2"/><line number="269" hits="3"/><line number="270" hits="2"/><line number="271" hits="6"/><line number="279" hits="2"/><line number="287" hits="6"/><line number="289" hits="8"/><line number="291" hits="9"/><line number="292" hits="10"/><line number="293" hits="10"/><line number="294" hits="11"/><line number="297" hits="5"/><line number="298" hits="0"/><line number="301" hits="8"/><line number="302" hits="4"/><line number="304" hits="8"/><line number="308" hits="6"/><line number="309" hits="0"/><line number="310" hits="9"/><line number="311" hits="2"/><line number="313" hits="3"/><line number="317" hits="9"/><line number="320" hits="1"/><line number="321" hits="7"/><line number="323" hits="5"/><line number="324" hits="1"/><line number="327" hits="2"/><line number="330" hits="4"/><line number="334" hits="1"/><line number="342" hits="2"/><line number="343" hits="0"/><line number="346" hits="4"/><line number="347" hits="0"/><line number="350" hits="6"/><line number="352" hits="2"/><line number="356" hits="5"/><line number="368" hits="6"/><line number="369" hits="5"/><line number="372" hits="6"/><line number="373" hits="0"/><line number="374" hits="0"/><line number="375" hits="0"/><line number="376" hits="0"/><line number="377" hits="0"/><line number="379" hits="0"/><line number="380" hits="0"/><line number="384" hits="11"/><line number="385" hits="2"/><line number="386" hits="0"/><line number="387" hits="1"/><line number="389" hits="1"/><line number="390" hits="1"/><line number="392" hits="1"/><line number="393" hits="1"/><line number="395" hits="1"/><line number="396" hits="1"/><line number="400" hits="1"/><line number="403" hits="7"/><line number="404" hits="1"/><line number="405" hits="2"/><line number="406" hits="2"/><line number="407" hits="2"/><line number="408" hits="2"/><line number="409" hits="1"/><line number="410" hits="2"/><line number="412" hits="3"/><line number="417" hits="5"/><line number="428" hits="3"/><line number="429" hits="4"/><line number="432" hits="1"/><line number="433" hits="1"/><line number="436" hits="1"/><line number="437" hits="1"/><line number="438" hits="1"/><line number="439" hits="1"/><line number="440" hits="1"/><line number="441" hits="1"/><line number="443" hits="1"/><line number="447" hits="5"/><line number="453" hits="2"/><line number="456" hits="5"/><line number="457" hits="3"/><line number="458" hits="0"/><line number="459" hits="8"/><line number="460" hits="4"/><line number="461" hits="11"/><line number="462" hits="3"/><line number="466" hits="15"/><line number="467" hits="4"/><line number="469" hits="7"/><line number="470" hits="0"/><line number="471" hits="8"/><line number="473" hits="5"/><line number="474" hits="2"/><line number="475" hits="1"/><line number="476" hits="1"/><line number="479" hits="1"/><line number="481" hits="4"/><line number="482" hits="4"/><line number="483" hits="4"/><line number="486" hits="4"/><line number="489" hits="2"/><line number="493" hits="7"/><line number="494" hits="2"/><line number="495" hits="8"/><line number="497" hits="2"/><line number="498" hits="10"/><line number="499" hits="8"/><line number="500" hits="7"/><line number="504" hits="2"/><line number="508" hits="8"/><line number="509" hits="2"/><line number="510" hits="19"/><line number="511" hits="5"/></lines></class><class name="split" filename="lib/src/model_selection/split.rs" line-rate="1" branch-rate="0" complexity="0"><methods/><lines><line number="35" hits="1"/><line number="42" hits="2"/><line number="43" hits="2"/><line number="45" hits="2"/><line number="46" hits="2"/><line number="48" hits="4"/><line number="49" hits="2"/><line number="52" hits="2"/><line number="53" hits="2"/><line number="54" hits="2"/><line number="56" hits="2"/><line number="57" hits="2"/><line number="62" hits="2"/><line number="63" hits="2"/><line number="70" hits="2"/><line number="72" hits="2"/><line number="73" hits="1"/><line number="74" hits="1"/><line number="78" hits="2"/><line number="81" hits="3"/><line number="82" hits="6"/><line number="83" hits="9"/><line number="84" hits="16"/><line number="86" hits="4"/><line number="87" hits="3"/><line number="89" hits="2"/></lines></class></classes></package><package name="lib/src/loss" line-rate="0.96" branch-rate="0" complexity="0"><classes><class name="mod" filename="lib/src/loss/mod.rs" line-rate="0.96" branch-rate="0" complexity="0"><methods/><lines><line number="45" hits="1"/><line number="46" hits="1"/><line number="47" hits="2"/><line number="50" hits="1"/><line number="55" hits="1"/><line number="56" hits="2"/><line number="57" hits="1"/><line number="74" hits="1"/><line number="75" hits="2"/><line number="78" hits="1"/><line number="79" hits="1"/><line number="80" hits="1"/><line number="81" hits="2"/><line number="82" hits="1"/><line number="100" hits="1"/><line number="103" hits="2"/><line number="104" hits="0"/><line number="106" hits="4"/><line number="108" hits="4"/><line number="111" hits="2"/><line number="112" hits="2"/><line number="113" hits="2"/><line number="116" hits="2"/><line number="122" hits="2"/><line number="123" hits="4"/></lines></class></classes></package><package name="benchmarks/src" line-rate="0" branch-rate="0" complexity="0"><classes><class name="utils" filename="benchmarks/src/utils.rs" line-rate="0" branch-rate="0" complexity="0"><methods/><lines><line number="76" hits="0"/><line number="77" hits="0"/><line number="78" hits="0"/><line number="79" hits="0"/><line number="96" hits="0"/><line number="97" hits="0"/><line number="99" hits="0"/><line number="100" hits="0"/><line number="101" hits="0"/><line number="102" hits="0"/><line number="105" hits="0"/><line number="106" hits="0"/><line number="107" hits="0"/><line number="109" hits="0"/><line number="132" hits="0"/><line number="133" hits="0"/><line number="137" hits="0"/><line number="138" hits="0"/><line number="140" hits="0"/><line number="141" hits="0"/><line number="142" hits="0"/><line number="143" hits="0"/><line number="144" hits="0"/><line number="145" hits="0"/><line number="148" hits="0"/><line number="149" hits="0"/><line number="150" hits="0"/><line number="151" hits="0"/><line number="152" hits="0"/><line number="154" hits="0"/></lines></class></classes></package><package name="lib/src/optimizer" line-rate="0.7142857142857143" branch-rate="0" complexity="0"><classes><class name="mod" filename="lib/src/optimizer/mod.rs" line-rate="0.7142857142857143" branch-rate="0" complexity="0"><methods/><lines><line number="100" hits="7"/><line number="102" hits="4"/><line number="107" hits="1"/><line number="108" hits="1"/><line number="117" hits="3"/><line number="120" hits="7"/><line number="121" hits="3"/><line number="122" hits="7"/><line number="126" hits="10"/><line number="127" hits="3"/><line number="137" hits="0"/><line number="140" hits="0"/><line number="141" hits="0"/><line number="142" hits="0"/></lines></class></classes></package><package name="lib/src/linalg" line-rate="0.8536585365853658" branch-rate="0" complexity="0"><classes><class name="mod" filename="lib/src/linalg/mod.rs" line-rate="0.8536585365853658" branch-rate="0" complexity="0"><methods/><lines><line number="20" hits="0"/><line number="21" hits="0"/><line number="22" hits="0"/><line number="23" hits="0"/><line number="24" hits="0"/><line number="52" hits="4"/><line number="53" hits="4"/><line number="54" hits="8"/><line number="55" hits="0"/><line number="57" hits="4"/><line number="58" hits="1"/><line number="59" hits="0"/><line number="60" hits="0"/><line number="64" hits="0"/><line number="68" hits="6"/><line number="71" hits="4"/><line number="72" hits="6"/><line number="73" hits="9"/><line number="74" hits="6"/><line number="76" hits="3"/><line number="80" hits="3"/><line number="82" hits="3"/><line number="83" hits="6"/><line number="84" hits="3"/><line number="85" hits="7"/><line number="86" hits="1"/><line number="87" hits="1"/><line number="92" hits="2"/><line number="95" hits="2"/><line number="96" hits="1"/><line number="97" hits="1"/><line number="102" hits="5"/><line number="103" hits="6"/><line number="104" hits="6"/><line number="108" hits="3"/><line number="109" hits="3"/><line number="110" hits="3"/><line number="111" hits="14"/><line number="112" hits="2"/><line number="119" hits="2"/><line number="120" hits="4"/><line number="121" hits="8"/><line number="122" hits="6"/><line number="126" hits="2"/><line number="141" hits="1"/><line number="145" hits="1"/><line number="146" hits="1"/><line number="148" hits="2"/><line number="149" hits="1"/><line number="151" hits="2"/><line number="152" hits="0"/><line number="154" hits="3"/><line number="155" hits="1"/><line number="156" hits="0"/><line number="157" hits="0"/><line number="162" hits="4"/><line number="163" hits="4"/><line number="164" hits="4"/><line number="165" hits="2"/><line number="166" hits="4"/><line number="167" hits="4"/><line number="169" hits="2"/><line number="171" hits="2"/><line number="174" hits="2"/><line number="175" hits="2"/><line number="178" hits="6"/><line number="181" hits="2"/><line number="182" hits="6"/><line number="183" hits="8"/><line number="184" hits="4"/><line number="185" hits="8"/><line number="186" hits="8"/><line number="187" hits="6"/><line number="189" hits="4"/><line number="191" hits="6"/><line number="193" hits="4"/><line number="195" hits="4"/><line number="198" hits="2"/><line number="199" hits="12"/><line number="200" hits="4"/><line number="201" hits="6"/><line number="203" hits="8"/></lines></class></classes></package><package name="lib/src/pipeline" line-rate="0.775" branch-rate="0" complexity="0"><classes><class name="fitted_pipeline" filename="lib/src/pipeline/fitted_pipeline.rs" line-rate="0.775" branch-rate="0" complexity="0"><methods/><lines><line number="37" hits="2"/><line number="38" hits="2"/><line number="39" hits="0"/><line number="40" hits="1"/><line number="41" hits="0"/><line number="42" hits="1"/><line number="43" hits="1"/><line number="45" hits="1"/><line number="53" hits="1"/><line number="54" hits="1"/><line number="59" hits="0"/><line number="60" hits="0"/><line number="65" hits="0"/><line number="66" hits="0"/><line number="90" hits="0"/><line number="143" hits="1"/><line number="148" hits="1"/><line number="150" hits="3"/><line number="151" hits="3"/><line number="152" hits="0"/><line number="153" hits="2"/><line number="154" hits="5"/><line number="155" hits="13"/><line number="158" hits="8"/><line number="159" hits="1"/><line number="162" hits="3"/><line number="163" hits="1"/><line number="165" hits="1"/><line number="168" hits="6"/><line number="169" hits="2"/><line number="171" hits="4"/><line number="174" hits="6"/><line number="196" hits="1"/><line number="197" hits="2"/><line number="229" hits="1"/><line number="230" hits="1"/><line number="232" hits="1"/><line number="233" hits="1"/><line number="234" hits="1"/><line number="235" hits="0"/><line number="240" hits="2"/><line number="241" hits="2"/><line number="243" hits="1"/><line number="247" hits="3"/><line number="248" hits="2"/><line number="252" hits="2"/><line number="256" hits="1"/><line number="257" hits="1"/><line number="261" hits="1"/><line number="262" hits="1"/><line number="266" hits="1"/><line number="267" hits="1"/><line number="271" hits="1"/><line number="272" hits="1"/><line number="276" hits="1"/><line number="277" hits="0"/><line number="289" hits="1"/><line number="293" hits="1"/><line number="294" hits="1"/><line number="295" hits="3"/><line number="296" hits="2"/><line number="297" hits="1"/><line number="298" hits="3"/><line number="300" hits="1"/><line number="301" hits="3"/><line number="303" hits="1"/><line number="304" hits="3"/><line number="306" hits="1"/><line number="307" hits="3"/><line number="309" hits="1"/><line number="310" hits="2"/><line number="312" hits="0"/><line number="313" hits="0"/><line number="315" hits="0"/><line number="316" hits="0"/><line number="318" hits="0"/><line number="319" hits="0"/><line number="322" hits="2"/><line number="327" hits="2"/><line number="328" hits="0"/><line number="330" hits="3"/><line number="334" hits="2"/><line number="338" hits="1"/><line number="345" hits="1"/><line number="346" hits="1"/><line number="347" hits="1"/><line number="348" hits="1"/><line number="350" hits="1"/><line number="351" hits="1"/><line number="355" hits="1"/><line number="367" hits="1"/><line number="370" hits="3"/><line number="371" hits="1"/><line number="372" hits="1"/><line number="377" hits="1"/><line number="380" hits="1"/><line number="383" hits="1"/><line number="385" hits="2"/><line number="386" hits="3"/><line number="387" hits="2"/><line number="388" hits="2"/><line number="389" hits="2"/><line number="390" hits="1"/><line number="392" hits="2"/><line number="393" hits="2"/><line number="394" hits="2"/><line number="395" hits="1"/><line number="397" hits="2"/><line number="398" hits="2"/><line number="399" hits="2"/><line number="400" hits="1"/><line number="402" hits="2"/><line number="403" hits="2"/><line number="404" hits="2"/><line number="405" hits="1"/><line number="407" hits="2"/><line number="408" hits="3"/><line number="409" hits="2"/><line number="410" hits="1"/><line number="412" hits="0"/><line number="413" hits="0"/><line number="414" hits="0"/><line number="415" hits="0"/><line number="417" hits="0"/><line number="418" hits="0"/><line number="419" hits="0"/><line number="420" hits="0"/><line number="422" hits="0"/><line number="423" hits="0"/><line number="424" hits="0"/><line number="425" hits="0"/><line number="427" hits="0"/><line number="428" hits="0"/><line number="429" hits="0"/><line number="430" hits="0"/><line number="434" hits="2"/><line number="437" hits="2"/><line number="438" hits="1"/><line number="440" hits="2"/><line number="441" hits="1"/><line number="442" hits="1"/><line number="447" hits="2"/><line number="448" hits="2"/><line number="449" hits="2"/><line number="451" hits="1"/><line number="455" hits="2"/><line number="456" hits="0"/><line number="457" hits="2"/><line number="458" hits="1"/><line number="460" hits="1"/><line number="461" hits="1"/><line number="462" hits="1"/><line number="463" hits="0"/><line number="464" hits="1"/><line number="465" hits="0"/><line number="471" hits="1"/><line number="473" hits="1"/><line number="474" hits="1"/><line number="475" hits="1"/><line number="476" hits="1"/></lines></class></classes></package><package name="lib/src/preprocessing/column_transformer" line-rate="0.7696793002915452" branch-rate="0" complexity="0"><classes><class name="column_transformer" filename="lib/src/preprocessing/column_transformer/column_transformer.rs" line-rate="0.7696793002915452" branch-rate="0" complexity="0"><methods/><lines><line number="38" hits="3"/><line number="39" hits="2"/><line number="40" hits="2"/><line number="41" hits="1"/><line number="42" hits="1"/><line number="77" hits="2"/><line number="78" hits="2"/><line number="79" hits="3"/><line number="80" hits="2"/><line number="81" hits="1"/><line number="82" hits="1"/><line number="83" hits="1"/><line number="84" hits="1"/><line number="85" hits="2"/><line number="86" hits="1"/><line number="87" hits="1"/><line number="92" hits="1"/><line number="93" hits="1"/><line number="94" hits="1"/><line number="95" hits="1"/><line number="96" hits="0"/><line number="97" hits="0"/><line number="98" hits="0"/><line number="99" hits="0"/><line number="100" hits="0"/><line number="101" hits="0"/><line number="102" hits="0"/><line number="107" hits="4"/><line number="108" hits="2"/><line number="109" hits="4"/><line number="110" hits="1"/><line number="111" hits="1"/><line number="112" hits="1"/><line number="113" hits="1"/><line number="114" hits="1"/><line number="115" hits="1"/><line number="116" hits="1"/><line number="117" hits="1"/><line number="123" hits="3"/><line number="127" hits="2"/><line number="128" hits="2"/><line number="129" hits="3"/><line number="131" hits="1"/><line number="132" hits="1"/><line number="134" hits="1"/><line number="135" hits="1"/><line number="137" hits="1"/><line number="138" hits="1"/><line number="140" hits="1"/><line number="141" hits="1"/><line number="143" hits="1"/><line number="144" hits="1"/><line number="146" hits="2"/><line number="147" hits="2"/><line number="149" hits="1"/><line number="150" hits="1"/><line number="152" hits="1"/><line number="153" hits="1"/><line number="192" hits="0"/><line number="193" hits="0"/><line number="199" hits="1"/><line number="201" hits="2"/><line number="207" hits="1"/><line number="208" hits="0"/><line number="209" hits="1"/><line number="210" hits="1"/><line number="214" hits="1"/><line number="215" hits="0"/><line number="216" hits="1"/><line number="217" hits="1"/><line number="221" hits="1"/><line number="222" hits="0"/><line number="223" hits="1"/><line number="224" hits="1"/><line number="228" hits="1"/><line number="229" hits="0"/><line number="230" hits="1"/><line number="231" hits="1"/><line number="235" hits="1"/><line number="236" hits="0"/><line number="237" hits="1"/><line number="238" hits="1"/><line number="242" hits="1"/><line number="243" hits="0"/><line number="244" hits="1"/><line number="245" hits="1"/><line number="249" hits="1"/><line number="250" hits="0"/><line number="251" hits="1"/><line number="252" hits="1"/><line number="256" hits="2"/><line number="257" hits="0"/><line number="258" hits="1"/><line number="259" hits="2"/><line number="263" hits="1"/><line number="264" hits="0"/><line number="265" hits="1"/><line number="266" hits="1"/><line number="270" hits="0"/><line n
[...]
mber="116" hits="1"/><line number="118" hits="1"/><line number="119" hits="1"/><line number="120" hits="1"/><line number="124" hits="1"/><line number="127" hits="1"/><line number="128" hits="1"/><line number="130" hits="3"/><line number="131" hits="1"/><line number="132" hits="2"/><line number="133" hits="2"/><line number="134" hits="1"/><line number="135" hits="2"/><line number="136" hits="0"/><line number="137" hits="0"/><line number="142" hits="2"/><line number="146" hits="1"/><line number="147" hits="2"/><line number="150" hits="1"/><line number="151" hits="2"/><line number="152" hits="2"/><line number="155" hits="3"/><line number="156" hits="2"/><line number="159" hits="1"/><line number="160" hits="1"/><line number="161" hits="1"/><line number="162" hits="0"/><line number="163" hits="1"/><line number="164" hits="0"/><line number="168" hits="1"/><line number="169" hits="1"/><line number="170" hits="1"/><line number="179" hits="1"/><line number="180" hits="1"/><line number="182" hits="1"/><line number="183" hits="1"/><line number="184" hits="1"/><line number="185" hits="0"/><line number="189" hits="1"/><line number="190" hits="1"/><line number="193" hits="1"/><line number="194" hits="1"/><line number="196" hits="2"/><line number="197" hits="2"/><line number="198" hits="1"/><line number="199" hits="1"/><line number="201" hits="1"/><line number="202" hits="1"/><line number="203" hits="2"/><line number="205" hits="1"/><line number="206" hits="1"/><line number="207" hits="2"/><line number="208" hits="0"/><line number="209" hits="0"/><line number="213" hits="2"/><line number="219" hits="1"/><line number="220" hits="4"/><line number="221" hits="0"/><line number="222" hits="0"/><line number="226" hits="1"/><line number="227" hits="1"/><line number="229" hits="1"/><line number="230" hits="1"/><line number="231" hits="1"/><line number="232" hits="0"/><line number="236" hits="1"/><line number="237" hits="1"/><line number="239" hits="3"/><line number="240" hits="2"/><line number="241" hits="1"/><line number="242" hits="4"/><line number="243" hits="2"/><line number="245" hits="2"/><line number="250" hits="1"/><line number="251" hits="5"/><line number="252" hits="0"/><line number="253" hits="0"/><line number="257" hits="1"/><line number="259" hits="1"/><line number="260" hits="0"/><line number="262" hits="2"/><line number="263" hits="4"/><line number="264" hits="4"/><line number="265" hits="1"/><line number="270" hits="2"/><line number="272" hits="1"/><line number="273" hits="2"/><line number="277" hits="1"/><line number="279" hits="1"/><line number="280" hits="0"/><line number="282" hits="5"/><line number="285" hits="1"/><line number="286" hits="1"/><line number="287" hits="0"/><line number="288" hits="1"/><line number="289" hits="1"/><line number="290" hits="0"/><line number="294" hits="1"/><line number="295" hits="1"/></lines></class></classes></package><package name="lib/src/metrics" line-rate="1" branch-rate="0" complexity="0"><classes><class name="regression" filename="lib/src/metrics/regression.rs" line-rate="1" branch-rate="0" complexity="0"><methods/><lines><line number="50" hits="1"/><line number="51" hits="1"/><line number="57" hits="1"/><line number="58" hits="1"/><line number="63" hits="1"/><line number="64" hits="6"/><line number="67" hits="6"/><line number="73" hits="1"/><line number="74" hits="1"/><line number="80" hits="1"/><line number="81" hits="2"/><line number="87" hits="2"/><line number="88" hits="1"/><line number="93" hits="1"/><line number="94" hits="3"/><line number="97" hits="2"/><line number="106" hits="1"/><line number="107" hits="1"/><line number="113" hits="2"/><line number="114" hits="1"/><line number="117" hits="3"/><line number="121" hits="1"/><line number="122" hits="6"/><line number="125" hits="6"/><line number="127" hits="2"/><line number="129" hits="1"/><line number="132" hits="2"/><line number="136" hits="1"/><line number="137" hits="1"/><line number="138" hits="1"/><line number="139" hits="1"/><line number="140" hits="1"/><line number="141" hits="1"/><line number="146" hits="1"/><line number="147" hits="1"/><line number="148" hits="1"/><line number="149" hits="1"/><line number="150" hits="1"/><line number="151" hits="1"/><line number="160" hits="1"/><line number="162" hits="3"/><line number="163" hits="6"/><line number="164" hits="1"/><line number="167" hits="1"/><line number="168" hits="1"/><line number="187" hits="1"/><line number="190" hits="1"/><line number="197" hits="1"/><line number="199" hits="1"/><line number="200" hits="1"/><line number="201" hits="1"/></lines></class></classes></package><package name="lib" line-rate="0.8568267315777827" branch-rate="0" complexity="0"><classes></classes></package><package name="lib/examples" line-rate="0" branch-rate="0" complexity="0"><classes></classes></package><package name="lib/src/model" line-rate="0.8850931677018633" branch-rate="0" complexity="0"><classes><class name="activation" filename="lib/src/model/activation.rs" line-rate="0.8333333333333334" branch-rate="0" complexity="0"><methods/><lines><line number="65" hits="1"/><line number="66" hits="1"/><line number="67" hits="1"/><line number="68" hits="1"/><line number="69" hits="1"/><line number="70" hits="1"/><line number="87" hits="1"/><line number="92" hits="1"/><line number="93" hits="0"/><line number="96" hits="1"/><line number="97" hits="1"/><line number="99" hits="1"/><line number="100" hits="1"/><line number="101" hits="1"/><line number="103" hits="0"/><line number="105" hits="1"/><line number="107" hits="2"/><line number="108" hits="1"/><line number="109" hits="1"/><line number="110" hits="0"/><line number="112" hits="1"/><line number="113" hits="1"/><line number="115" hits="0"/><line number="117" hits="1"/><line number="119" hits="1"/><line number="121" hits="2"/><line number="122" hits="1"/><line number="123" hits="1"/><line number="124" hits="0"/><line number="125" hits="1"/><line number="127" hits="0"/><line number="129" hits="1"/><line number="135" hits="1"/><line number="136" hits="1"/><line number="137" hits="1"/><line number="138" hits="2"/><line number="139" hits="1"/><line number="140" hits="1"/><line number="152" hits="1"/><line number="157" hits="1"/><line number="158" hits="0"/><line number="160" hits="2"/><line number="161" hits="2"/><line number="162" hits="2"/><line number="163" hits="2"/><line number="164" hits="3"/><line number="166" hits="0"/><line number="168" hits="1"/><line number="169" hits="2"/><line number="170" hits="1"/><line number="171" hits="1"/><line number="172" hits="1"/><line number="173" hits="0"/><line number="174" hits="1"/><line number="175" hits="2"/><line number="177" hits="0"/><line number="179" hits="1"/><line number="180" hits="2"/><line number="181" hits="3"/><line number="182" hits="1"/><line number="183" hits="2"/><line number="184" hits="1"/><line number="185" hits="0"/><line number="186" hits="2"/><line number="188" hits="0"/><line number="190" hits="2"/><line number="196" hits="1"/><line number="197" hits="1"/><line number="198" hits="1"/><line number="199" hits="1"/><line number="200" hits="1"/><line number="201" hits="1"/></lines></class><class name="linear" filename="lib/src/model/linear.rs" line-rate="0.9137931034482759" branch-rate="0" complexity="0"><methods/><lines><line number="48" hits="1"/><line number="50" hits="0"/><line number="51" hits="0"/><line number="54" hits="3"/><line number="56" hits="2"/><line number="64" hits="1"/><line number="65" hits="1"/><line number="66" hits="2"/><line number="67" hits="1"/><line number="75" hits="1"/><line number="76" hits="1"/><line number="77" hits="3"/><line number="83" hits="1"/><line number="84" hits="2"/><line number="85" hits="6"/><line number="92" hits="1"/><line number="95" hits="1"/><line number="96" hits="2"/><line number="97" hits="2"/><line number="122" hits="1"/><line number="144" hits="1"/><line number="145" hits="5"/><line number="148" hits="1"/><line number="149" hits="0"/><line number="150" hits="1"/><line number="151" hits="1"/><line number="154" hits="1"/><line number="155" hits="1"/><line number="158" hits="1"/><line number="162" hits="2"/><line number="163" hits="2"/><line number="180" hits="1"/><line number="182" hits="2"/><line number="185" hits="1"/><line number="186" hits="0"/><line number="189" hits="1"/><line number="190" hits="2"/><line number="193" hits="1"/><line number="194" hits="1"/><line number="197" hits="1"/><line number="198" hits="2"/><line number="199" hits="7"/><line number="218" hits="1"/><line number="220" hits="1"/><line number="221" hits="1"/><line number="230" hits="1"/><line number="271" hits="2"/><line number="276" hits="2"/><line number="277" hits="2"/><line number="279" hits="1"/><line number="280" hits="4"/><line number="281" hits="0"/><line number="285" hits="3"/><line number="287" hits="5"/><line number="289" hits="4"/><line number="292" hits="3"/><line number="293" hits="1"/><line number="296" hits="3"/></lines></class><class name="mlp" filename="lib/src/model/mlp.rs" line-rate="0.8863636363636364" branch-rate="0" complexity="0"><methods/><lines><line number="53" hits="1"/><line number="55" hits="1"/><line number="56" hits="1"/><line number="66" hits="1"/><line number="67" hits="1"/><line number="71" hits="2"/><line number="72" hits="4"/><line number="73" hits="7"/><line number="75" hits="10"/><line number="76" hits="5"/><line number="77" hits="5"/><line number="80" hits="6"/><line number="81" hits="6"/><line number="97" hits="1"/><line number="98" hits="1"/><line number="100" hits="0"/><line number="109" hits="4"/><line number="117" hits="2"/><line number="118" hits="2"/><line number="119" hits="2"/><line number="120" hits="2"/><line number="138" hits="1"/><line number="139" hits="1"/><line number="140" hits="0"/><line number="141" hits="0"/><line number="144" hits="0"/><line number="146" hits="5"/><line number="161" hits="1"/><line number="163" hits="3"/><line number="171" hits="2"/><line number="172" hits="4"/><line number="173" hits="0"/><line number="175" hits="5"/><line number="177" hits="2"/><line number="186" hits="1"/><line number="187" hits="1"/><line number="188" hits="0"/><line number="189" hits="0"/><line number="190" hits="0"/><line number="193" hits="1"/><line number="194" hits="0"/><line number="196" hits="1"/><line number="197" hits="4"/><line number="198" hits="1"/><line number="199" hits="1"/><line number="206" hits="1"/><line number="207" hits="1"/><line number="208" hits="0"/><line number="210" hits="3"/><line number="211" hits="1"/><line number="212" hits="1"/><line number="219" hits="1"/><line number="220" hits="1"/><line number="222" hits="2"/><line number="224" hits="1"/><line number="225" hits="2"/><line number="227" hits="1"/><line number="228" hits="1"/><line number="231" hits="1"/><line number="281" hits="1"/><line number="282" hits="1"/><line number="283" hits="2"/><line number="284" hits="0"/><line number="285" hits="0"/><line number="286" hits="0"/><line number="290" hits="2"/><line number="291" hits="4"/><line number="292" hits="6"/><line number="317" hits="1"/><line number="318" hits="1"/><line number="320" hits="4"/><line number="324" hits="2"/><line number="325" hits="6"/><line number="328" hits="6"/><line number="329" hits="7"/><line number="331" hits="8"/><line number="332" hits="7"/><line number="335" hits="8"/><line number="338" hits="1"/><line number="340" hits="15"/><line number="341" hits="0"/><line number="342" hits="0"/><line number="346" hits="8"/><line number="348" hits="8"/><line number="351" hits="1"/><line number="352" hits="8"/><line number="354" hits="8"/><line number="361" hits="5"/><line number="362" hits="3"/><line number="363" hits="8"/><line number="368" hits="5"/><line number="370" hits="5"/><line number="372" hits="3"/><line number="373" hits="5"/><line number="374" hits="0"/><line number="381" hits="6"/><line number="382" hits="5"/><line number="391" hits="1"/><line number="392" hits="0"/><line number="395" hits="1"/><line number="396" hits="2"/><line number="399" hits="1"/><line number="401" hits="1"/><line number="402" hits="1"/><line number="403" hits="1"/><line number="410" hits="3"/><line number="411" hits="5"/><line number="412" hits="3"/><line number="414" hits="5"/><line number="415" hits="8"/><line number="416" hits="13"/><line number="417" hits="3"/><line number="421" hits="11"/><line number="428" hits="7"/><line number="429" hits="7"/><line number="432" hits="7"/><line number="433" hits="14"/><line number="438" hits="1"/><line number="440" hits="8"/><line number="445" hits="7"/><line number="448" hits="1"/><line number="451" hits="10"/><line number="454" hits="10"/><line number="456" hits="9"/><line number="457" hits="1"/><line number="459" hits="9"/><line number="462" hits="1"/><line number="467" hits="1"/><line number="468" hits="9"/><line number="469" hits="1"/><line number="470" hits="10"/><line number="472" hits="11"/><line number="473" hits="11"/><line number="474" hits="11"/><line number="475" hits="1"/><line number="479" hits="10"/><line number="493" hits="1"/><line number="494" hits="1"/><line number="496" hits="2"/><line number="498" hits="4"/><line number="500" hits="2"/><line number="503" hits="2"/><line number="506" hits="1"/><line number="509" hits="1"/><line number="511" hits="2"/><line number="515" hits="1"/><line number="518" hits="1"/><line number="521" hits="1"/><line number="524" hits="2"/><line number="527" hits="1"/><line number="530" hits="1"/><line number="531" hits="1"/><line number="534" hits="2"/><line number="535" hits="2"/><line number="539" hits="2"/><line number="540" hits="0"/><line number="541" hits="2"/><line number="542" hits="6"/><line number="543" hits="2"/><line number="545" hits="6"/><line number="549" hits="2"/><line number="550" hits="4"/><line number="551" hits="4"/><line number="552" hits="2"/><line number="554" hits="2"/><line number="559" hits="2"/><line number="560" hits="2"/><line number="561" hits="0"/><line number="562" hits="2"/><line number="563" hits="0"/><line number="574" hits="2"/><line number="575" hits="2"/><line number="579" hits="1"/><line number="580" hits="1"/><line number="584" hits="1"/><line number="585" hits="1"/></lines></class><class name="mod" filename="lib/src/model/mod.rs" line-rate="1" branch-rate="0" complexity="0"><methods/><lines><line number="83" hits="1"/><line number="87" hits="1"/><line number="88" hits="2"/><line number="90" hits="3"/><line number="91" hits="2"/><line number="92" hits="1"/><line number="94" hits="1"/><line number="144" hits="1"/><line number="145" hits="2"/><line number="148" hits="1"/><line number="149" hits="1"/><line number="152" hits="1"/><line number="158" hits="1"/><line number="159" hits="3"/><line number="160" hits="1"/><line number="161" hits="1"/></lines></class></classes></package><package name="benchmarks/src/data" line-rate="0" branch-rate="0" complexity="0"><classes></classes></package><package name="lib/benches" line-rate="0" branch-rate="0" complexity="0"><classes></classes></package><package name="lib/src/dataset" line-rate="0.9795918367346939" branch-rate="0" complexity="0"><classes><class name="memory" filename="lib/src/dataset/memory.rs" line-rate="1" branch-rate="0" complexity="0"><methods/><lines><line number="103" hits="1"/><line number="104" hits="2"/><line number="105" hits="2"/><line number="107" hits="3"/><line number="108" hits="2"/><line number="110" hits="3"/><line number="111" hits="4"/><line number="112" hits="2"/><line number="114" hits="2"/><line number="145" hits="2"/><line number="146" hits="3"/><line number="147" hits="1"/><line number="150" hits="3"/><line number="151" hits="6"/><line number="152" hits="4"/><line number="153" hits="1"/><line number="160" hits="9"/><line number="161" hits="12"/><line number="163" hits="3"/><line number="167" hits="1"/><line number="168" hits="1"/><line number="172" hits="1"/><line number="173" hits="1"/><line number="177" hits="1"/><line number="178" hits="1"/><line number="197" hits="1"/><line number="198" hits="1"/><line number="223" hits="1"/><line number="227" hits="1"/><line number="228" hits="1"/><line number="230" hits="1"/><line number="231" hits="1"/><line number="233" hits="3"/><line number="234" hits="1"/><line number="236" hits="2"/><line number="238" hits="1"/></lines></class><class name="mod" filename="lib/src/dataset/mod.rs" line-rate="0.9230769230769231" branch-rate="0" complexity="0"><methods/><lines><line number="124" hits="1"/><line number="125" hits="1"/><line number="152" hits="5"/><line number="248" hits="5"/><line number="249" hits="5"/><line number="250" hits="5"/><line number="251" hits="2"/><line number="254" hits="8"/><line number="255" hits="4"/><line number="256" hits="4"/><line number="259" hits="4"/><line number="260" hits="4"/><line number="261" hits="0"/></lines></class></classes></package><package name="lib/src/trainer" line-rate="0.8673469387755102" branch-rate="0" complexity="0"><classes><class name="mod" filename="lib/src/trainer/mod.rs" line-rate="0.8673469387755102" branch-rate="0" complexity="0"><methods/><lines><line number="25" hits="1"/><line number="44" hits="2"/><line number="72" hits="1"/><line number="82" hits="1"/><line number="88" hits="1"/><line number="89" hits="3"/><line number="90" hits="2"/><line number="95" hits="1"/><line number="97" hits="5"/><line number="98" hits="1"/><line number="99" hits="4"/><line number="100" hits="2"/><line number="102" hits="2"/><line number="105" hits="6"/><line number="106" hits="1"/><line number="108" hits="3"/><line number="185" hits="4"/><line number="201" hits="4"/><line number="202" hits="8"/><line number="203" hits="4"/><line number="206" hits="4"/><line number="207" hits="8"/><line number="208" hits="4"/><line number="215" hits="8"/><line number="216" hits="4"/><line number="217" hits="8"/><line number="234" hits="1"/><line number="235" hits="2"/><line number="236" hits="1"/><line number="254" hits="1"/><line number="255" hits="4"/><line number="256" hits="3"/><line number="277" hits="1"/><line number="278" hits="1"/><line number="279" hits="1"/><line number="282" hits="4"/><line number="284" hits="8"/><line number="285" hits="4"/><line number="286" hits="8"/><line number="287" hits="0"/><line number="288" hits="4"/><line number="289" hits="1"/><line number="290" hits="8"/><line number="291" hits="4"/><line number="292" hits="8"/><line number="336" hits="9"/><line number="340" hits="15"/><line number="341" hits="4"/><line number="342" hits="0"/><line number="346" hits="0"/><line number="347" hits="0"/><line number="349" hits="11"/><line number="351" hits="12"/><line number="353" hits="12"/><line number="354" hits="12"/><line number="355" hits="0"/><line number="357" hits="4"/><line number="361" hits="16"/><line number="362" hits="4"/><line number="363" hits="8"/><line number="365" hits="4"/><line number="368" hits="9"/><line number="369" hits="2"/><line number="372" hits="12"/><line number="373" hits="8"/><line number="378" hits="4"/><line number="380" hits="8"/><line number="381" hits="1"/><line number="385" hits="5"/><line number="386" hits="2"/><line number="387" hits="1"/><line number="388" hits="0"/><line number="389" hits="1"/><line number="390" hits="1"/><line number="392" hits="2"/><line number="393" hits="0"/><line number="394" hits="0"/><line number="397" hits="0"/><line number="398" hits="1"/><line number="399" hits="0"/><line number="402" hits="2"/><line number="403" hits="1"/><line number="405" hits="0"/><line number="407" hits="0"/><line number="415" hits="3"/><line number="416" hits="2"/><line number="417" hits="1"/><line number="421" hits="6"/><line number="432" hits="8"/><line number="438" hits="14"/><line number="439" hits="4"/><line number="440" hits="12"/><line number="441" hits="9"/><line number="443" hits="12"/><line number="444" hits="4"/><line number="446" hits="0"/><line number="462" hits="4"/><line number="463" hits="8"/></lines></class></classes></package></packages></coverage>